<?xml version="1.0" encoding="UTF-8"?>
<!-- Generated by org.testng.reporters.JUnitReportReporter -->
<testsuite hostname="ENCDAPPUNLT0536" failures="0" tests="1" name="logintest.Loginweb" time="10.563" errors="0" timestamp="2024-06-04T18:08:49 IST" skipped="0">
  <testcase classname="logintest.Loginweb" name="Alert" time="10.563"/>
  <system-out/>
</testsuite> <!-- logintest.Loginweb -->
