<?xml version="1.0" encoding="UTF-8"?>
<!-- Generated by org.testng.reporters.JUnitReportReporter -->
<testsuite hostname="ENCDAPPUNLT0536" failures="0" tests="1" name="logintest.Logintest" time="29.535" errors="0" timestamp="2024-05-27T12:36:28 IST" skipped="0">
  <testcase classname="logintest.Logintest" name="testExample" time="29.535"/>
  <system-out/>
</testsuite> <!-- logintest.Logintest -->
