<?xml version="1.0" encoding="UTF-8"?>
<!-- Generated by org.testng.reporters.JUnitReportReporter -->
<testsuite hostname="ENCDAPPUNLT0536" failures="0" tests="1" name="logintest.Logintest" time="35.711" errors="0" timestamp="2024-05-29T14:48:07 IST" skipped="0">
  <testcase classname="logintest.Logintest" name="testExample" time="35.711"/>
  <system-out/>
</testsuite> <!-- logintest.Logintest -->
